<?xml version="1.0" encoding="UTF-8"?>
<!-- Generated by org.testng.reporters.JUnitReportReporter -->
<testsuite hostname="COGNINE-L220" failures="0" tests="2" name="TestNG.OrangeHRM" time="8.751" errors="0" timestamp="2025-03-01T11:17:55 IST" skipped="0">
  <testcase classname="TestNG.OrangeHRM" name="testgoogle" time="4.239"/>
  <testcase classname="TestNG.OrangeHRM" name="LaunchApp" time="4.512"/>
</testsuite> <!-- TestNG.OrangeHRM -->
