<?xml version="1.0" encoding="UTF-8"?>
<!-- Generated by org.testng.reporters.JUnitReportReporter -->
<testsuite hostname="COGNINE-L220" failures="0" tests="2" name="TestNG.Tesstannotations" time="5.716" errors="0" timestamp="2025-02-27T23:30:13 IST" skipped="0">
  <testcase classname="TestNG.Tesstannotations" name="TestGmail" time="2.943"/>
  <testcase classname="TestNG.Tesstannotations" name="TestFacebook" time="2.773"/>
</testsuite> <!-- TestNG.Tesstannotations -->
