<?xml version="1.0" encoding="UTF-8"?>
<!-- Generated by org.testng.reporters.JUnitReportReporter -->
<testsuite hostname="COGNINE-L220" failures="0" tests="1" name="TestNG.webdrivercommands" time="2.932" errors="0" timestamp="2025-04-07T20:03:28 IST" skipped="0">
  <testcase classname="TestNG.webdrivercommands" name="test" time="2.932"/>
</testsuite> <!-- TestNG.webdrivercommands -->
