<?xml version="1.0" encoding="UTF-8"?>
<!-- Generated by org.testng.reporters.JUnitReportReporter -->
<testsuite hostname="COGNINE-L220" failures="0" tests="1" name="TestNG.Testannotations" time="0.963" errors="0" timestamp="2025-03-15T16:04:09 IST" skipped="0">
  <testcase classname="TestNG.Testannotations" name="test" time="0.963"/>
</testsuite> <!-- TestNG.Testannotations -->
