<?xml version="1.0" encoding="UTF-8"?>
<!-- Generated by org.testng.reporters.JUnitReportReporter -->
<testsuite hostname="COGNINE-L220" failures="0" tests="1" name="automation.project_01.TestNG1" time="0.012" errors="0" timestamp="2025-03-01T10:16:40 IST" skipped="0">
  <testcase classname="automation.project_01.TestNG1" name="testMethod" time="0.012"/>
</testsuite> <!-- automation.project_01.TestNG1 -->
