<?xml version="1.0" encoding="UTF-8"?>
<!-- Generated by org.testng.reporters.JUnitReportReporter -->
<testsuite hostname="COGNINE-L220" failures="0" tests="3" name="Screenshots.Class1" time="9.912" errors="0" timestamp="2025-04-14T22:29:47 IST" skipped="0">
  <testcase classname="Screenshots.Class1" name="launchURL" time="1.721"/>
  <testcase classname="Screenshots.Class1" name="LaunchURL" time="5.869"/>
  <testcase classname="Screenshots.Class1" name="Admin" time="2.322"/>
</testsuite> <!-- Screenshots.Class1 -->
