<?xml version="1.0" encoding="UTF-8"?>
<!-- Generated by org.testng.reporters.JUnitReportReporter -->
<testsuite hostname="COGNINE-L220" failures="0" tests="6" name="TestNG.priority" time="0.023" errors="0" timestamp="2025-03-15T16:51:05 IST" skipped="0">
  <testcase classname="TestNG.priority" name="signup" time="0.016"/>
  <testcase classname="TestNG.priority" name="login" time="0.002"/>
  <testcase classname="TestNG.priority" name="searchforthebus" time="0.002"/>
  <testcase classname="TestNG.priority" name="bookticketforbus" time="0.001"/>
  <testcase classname="TestNG.priority" name="saveticket" time="0.001"/>
  <testcase classname="TestNG.priority" name="close" time="0.001"/>
</testsuite> <!-- TestNG.priority -->
