<?xml version="1.0" encoding="UTF-8"?>
<!-- Generated by org.testng.reporters.JUnitReportReporter -->
<testsuite hostname="COGNINE-L220" failures="0" tests="1" name="TestNG.Assertions" time="6.801" errors="0" timestamp="2025-03-14T19:37:34 IST" skipped="0">
  <testcase classname="TestNG.Assertions" name="asser" time="6.801"/>
</testsuite> <!-- TestNG.Assertions -->
