<?xml version="1.0" encoding="UTF-8"?>
<!-- Generated by org.testng.reporters.JUnitReportReporter -->
<testsuite hostname="COGNINE-L220" failures="0" tests="1" name="TestNG.HardAssertions" time="4.836" errors="0" timestamp="2025-03-14T13:32:05 IST" skipped="0">
  <testcase classname="TestNG.HardAssertions" name="TestOrangeHRM" time="4.836"/>
</testsuite> <!-- TestNG.HardAssertions -->
