<?xml version="1.0" encoding="UTF-8"?>
<!-- Generated by org.testng.reporters.JUnitReportReporter -->
<testsuite hostname="COGNINE-L220" failures="0" tests="2" name="TestNG.Tesstannotations" time="6.488" errors="0" timestamp="2025-03-15T16:25:38 IST" skipped="0">
  <testcase classname="TestNG.Tesstannotations" name="TestFacebook" time="3.150"/>
  <testcase classname="TestNG.Tesstannotations" name="TestGmail" time="3.338"/>
</testsuite> <!-- TestNG.Tesstannotations -->
