<?xml version="1.0" encoding="UTF-8"?>
<!-- Generated by org.testng.reporters.JUnitReportReporter -->
<testsuite hostname="COGNINE-L220" failures="0" tests="3" name="Screenshots.Class1" time="12.106" errors="0" timestamp="2025-03-16T11:31:10 IST" skipped="0">
  <testcase classname="Screenshots.Class1" name="launchURL" time="1.764"/>
  <testcase classname="Screenshots.Class1" name="LaunchURL" time="8.048"/>
  <testcase classname="Screenshots.Class1" name="Admin" time="2.294"/>
</testsuite> <!-- Screenshots.Class1 -->
