<?xml version="1.0" encoding="UTF-8"?>
<!-- Generated by org.testng.reporters.JUnitReportReporter -->
<testsuite hostname="COGNINE-L220" failures="0" tests="1" name="TestNG.Testannotations" time="0.726" errors="0" timestamp="2025-04-07T19:58:07 IST" skipped="0">
  <testcase classname="TestNG.Testannotations" name="test" time="0.726"/>
</testsuite> <!-- TestNG.Testannotations -->
