<?xml version="1.0" encoding="UTF-8"?>
<!-- Generated by org.testng.reporters.JUnitReportReporter -->
<testsuite hostname="COGNINE-L220" failures="0" tests="1" name="parallelexecution.Class1" time="6.066" errors="0" timestamp="2025-04-07T20:09:16 IST" skipped="0">
  <testcase classname="parallelexecution.Class1" name="paralleltest1" time="6.066"/>
</testsuite> <!-- parallelexecution.Class1 -->
