<?xml version="1.0" encoding="UTF-8"?>
<!-- Generated by org.testng.reporters.JUnitReportReporter -->
<testsuite hostname="COGNINE-L220" failures="0" tests="1" name="TestNG.Softassertions" time="8.003" errors="0" timestamp="2025-03-14T20:22:36 IST" skipped="0">
  <testcase classname="TestNG.Softassertions" name="Softasert" time="8.003"/>
</testsuite> <!-- TestNG.Softassertions -->
