<?xml version="1.0" encoding="UTF-8"?>
<!-- Generated by org.testng.reporters.JUnitReportReporter -->
<testsuite hostname="COGNINE-L220" failures="0" tests="2" name="TestNG.Allannotations" time="0.016" errors="0" timestamp="2025-03-15T15:18:46 IST" skipped="0">
  <testcase classname="TestNG.Allannotations" name="ab" time="0.010"/>
  <testcase classname="TestNG.Allannotations" name="abcd" time="0.006"/>
</testsuite> <!-- TestNG.Allannotations -->
