<?xml version="1.0" encoding="UTF-8"?>
<!-- Generated by org.testng.reporters.JUnitReportReporter -->
<testsuite hostname="COGNINE-L220" failures="0" tests="1" name="Screenshots.Class2" time="1.676" errors="0" timestamp="2025-03-16T11:23:27 IST" skipped="0">
  <testcase classname="Screenshots.Class2" name="launchURL" time="1.676"/>
</testsuite> <!-- Screenshots.Class2 -->
